2023-12-17T19:40:54.336+03:00  INFO 16792 --- [main] r.p.p.Project1BootApplication            : Starting Project1BootApplication using Java 21 with PID 16792 (C:\Users\Polaina\IdeaProjects\coursework_db\target\classes started by Polaina in C:\Users\Polaina\IdeaProjects\coursework_db)
2023-12-17T19:40:54.339+03:00  INFO 16792 --- [main] r.p.p.Project1BootApplication            : No active profile set, falling back to 1 default profile: "default"
2023-12-17T19:40:55.613+03:00  INFO 16792 --- [main] .s.d.r.c.RepositoryConfigurationDelegate : Bootstrapping Spring Data JPA repositories in DEFAULT mode.
2023-12-17T19:40:55.754+03:00  INFO 16792 --- [main] .s.d.r.c.RepositoryConfigurationDelegate : Finished Spring Data repository scanning in 128 ms. Found 4 JPA repository interfaces.
2023-12-17T19:40:56.943+03:00  INFO 16792 --- [main] o.s.b.w.embedded.tomcat.TomcatWebServer  : Tomcat initialized with port(s): 8080 (http)
2023-12-17T19:40:56.960+03:00  INFO 16792 --- [main] o.apache.catalina.core.StandardService   : Starting service [Tomcat]
2023-12-17T19:40:56.960+03:00  INFO 16792 --- [main] o.apache.catalina.core.StandardEngine    : Starting Servlet engine: [Apache Tomcat/10.1.13]
2023-12-17T19:40:57.143+03:00  INFO 16792 --- [main] o.a.c.c.C.[Tomcat].[localhost].[/]       : Initializing Spring embedded WebApplicationContext
2023-12-17T19:40:57.144+03:00  INFO 16792 --- [main] w.s.c.ServletWebServerApplicationContext : Root WebApplicationContext: initialization completed in 2727 ms
2023-12-17T19:40:57.419+03:00  INFO 16792 --- [main] com.zaxxer.hikari.HikariDataSource       : HikariPool-1 - Starting...
2023-12-17T19:40:57.782+03:00  INFO 16792 --- [main] com.zaxxer.hikari.pool.HikariPool        : HikariPool-1 - Added connection org.postgresql.jdbc.PgConnection@3cdff901
2023-12-17T19:40:57.785+03:00  INFO 16792 --- [main] com.zaxxer.hikari.HikariDataSource       : HikariPool-1 - Start completed.
2023-12-17T19:40:57.868+03:00  INFO 16792 --- [main] o.hibernate.jpa.internal.util.LogHelper  : HHH000204: Processing PersistenceUnitInfo [name: default]
2023-12-17T19:40:58.018+03:00  INFO 16792 --- [main] org.hibernate.Version                    : HHH000412: Hibernate ORM core version 6.2.9.Final
2023-12-17T19:40:58.023+03:00  INFO 16792 --- [main] org.hibernate.cfg.Environment            : HHH000406: Using bytecode reflection optimizer
2023-12-17T19:40:58.304+03:00  INFO 16792 --- [main] o.h.b.i.BytecodeProviderInitiator        : HHH000021: Bytecode provider name : bytebuddy
2023-12-17T19:40:58.572+03:00  INFO 16792 --- [main] o.s.o.j.p.SpringPersistenceUnitInfo      : No LoadTimeWeaver setup: ignoring JPA class transformer
2023-12-17T19:40:59.145+03:00  INFO 16792 --- [main] o.h.b.i.BytecodeProviderInitiator        : HHH000021: Bytecode provider name : bytebuddy
2023-12-17T19:41:00.584+03:00  INFO 16792 --- [main] o.h.e.t.j.p.i.JtaPlatformInitiator       : HHH000490: Using JtaPlatform implementation: [org.hibernate.engine.transaction.jta.platform.internal.NoJtaPlatform]
2023-12-17T19:41:00.590+03:00  INFO 16792 --- [main] j.LocalContainerEntityManagerFactoryBean : Initialized JPA EntityManagerFactory for persistence unit 'default'
2023-12-17T19:41:01.992+03:00  WARN 16792 --- [main] JpaBaseConfiguration$JpaWebConfiguration : spring.jpa.open-in-view is enabled by default. Therefore, database queries may be performed during view rendering. Explicitly configure spring.jpa.open-in-view to disable this warning
2023-12-17T19:41:03.094+03:00  INFO 16792 --- [main] o.s.s.web.DefaultSecurityFilterChain     : Will secure any request with [org.springframework.security.web.session.DisableEncodeUrlFilter@3b39bee2, org.springframework.security.web.context.request.async.WebAsyncManagerIntegrationFilter@20ddc780, org.springframework.security.web.context.SecurityContextHolderFilter@f73a7cf, org.springframework.security.web.header.HeaderWriterFilter@d6879bf, org.springframework.security.web.csrf.CsrfFilter@b332eda, org.springframework.security.web.authentication.logout.LogoutFilter@4411a0fe, org.springframework.security.web.authentication.UsernamePasswordAuthenticationFilter@5f6ba085, org.springframework.security.web.savedrequest.RequestCacheAwareFilter@44181746, org.springframework.security.web.servletapi.SecurityContextHolderAwareRequestFilter@33a58fcb, org.springframework.security.web.authentication.AnonymousAuthenticationFilter@6889e714, org.springframework.security.web.access.ExceptionTranslationFilter@949f0d, org.springframework.security.web.access.intercept.AuthorizationFilter@29a5f924]
2023-12-17T19:41:03.766+03:00  INFO 16792 --- [main] o.s.b.w.embedded.tomcat.TomcatWebServer  : Tomcat started on port(s): 8080 (http) with context path ''
2023-12-17T19:41:03.780+03:00  INFO 16792 --- [main] r.p.p.Project1BootApplication            : Started Project1BootApplication in 10.257 seconds (process running for 11.701)
2023-12-17T19:41:25.749+03:00  INFO 16792 --- [http-nio-8080-exec-1] o.a.c.c.C.[Tomcat].[localhost].[/]       : Initializing Spring DispatcherServlet 'dispatcherServlet'
2023-12-17T19:41:25.749+03:00  INFO 16792 --- [http-nio-8080-exec-1] o.s.web.servlet.DispatcherServlet        : Initializing Servlet 'dispatcherServlet'
2023-12-17T19:41:25.751+03:00  INFO 16792 --- [http-nio-8080-exec-1] o.s.web.servlet.DispatcherServlet        : Completed initialization in 1 ms
2023-12-17T19:43:09.036+03:00 DEBUG 16792 --- [http-nio-8080-exec-2] org.hibernate.SQL                        : 
    select
        p1_0.id,
        p1_0.first_name,
        p1_0.last_name,
        p1_0.parther_name,
        p1_0.passport_num,
        p1_0.passport_seria,
        p1_0.password,
        p1_0.role,
        p1_0.user_name 
    from
        clients p1_0 
    where
        p1_0.user_name=?
2023-12-17T19:44:51.272+03:00 DEBUG 16792 --- [http-nio-8080-exec-6] org.hibernate.SQL                        : 
    select
        p1_0.id,
        p1_0.first_name,
        p1_0.last_name,
        p1_0.parther_name,
        p1_0.passport_num,
        p1_0.passport_seria,
        p1_0.password,
        p1_0.role,
        p1_0.user_name 
    from
        clients p1_0 
    where
        p1_0.user_name=?
2023-12-17T19:45:26.118+03:00 DEBUG 16792 --- [http-nio-8080-exec-9] org.hibernate.SQL                        : 
    select
        p1_0.id,
        p1_0.first_name,
        p1_0.last_name,
        p1_0.parther_name,
        p1_0.passport_num,
        p1_0.passport_seria,
        p1_0.password,
        p1_0.role,
        p1_0.user_name 
    from
        clients p1_0 
    where
        p1_0.user_name=?
2023-12-17T19:45:26.299+03:00 DEBUG 16792 --- [http-nio-8080-exec-9] org.hibernate.SQL                        : 
    call create_client(?,?,?,?,?,?,?,?)
2023-12-17T19:45:28.370+03:00 DEBUG 16792 --- [http-nio-8080-exec-1] org.hibernate.SQL                        : 
    select
        p1_0.id,
        p1_0.first_name,
        p1_0.last_name,
        p1_0.parther_name,
        p1_0.passport_num,
        p1_0.passport_seria,
        p1_0.password,
        p1_0.role,
        p1_0.user_name 
    from
        clients p1_0 
    where
        p1_0.user_name=?
2023-12-17T20:30:03.942+03:00  WARN 16792 --- [HikariPool-1 housekeeper] com.zaxxer.hikari.pool.HikariPool        : HikariPool-1 - Thread starvation or clock leap detected (housekeeper delta=30m52s746ms830µs800ns).
2023-12-17T22:36:32.642+03:00  INFO 16792 --- [SpringApplicationShutdownHook] j.LocalContainerEntityManagerFactoryBean : Closing JPA EntityManagerFactory for persistence unit 'default'
2023-12-17T22:36:32.747+03:00  INFO 16792 --- [SpringApplicationShutdownHook] com.zaxxer.hikari.HikariDataSource       : HikariPool-1 - Shutdown initiated...
2023-12-17T22:36:32.803+03:00  INFO 16792 --- [SpringApplicationShutdownHook] com.zaxxer.hikari.HikariDataSource       : HikariPool-1 - Shutdown completed.
